c:\users\chentp\source\repos\openglgame\openglgame\debug\vc141.pdb
c:\users\chentp\source\repos\openglgame\openglgame\debug\vc141.idb
c:\users\chentp\source\repos\openglgame\openglgame\debug\glad.obj
c:\users\chentp\source\repos\openglgame\openglgame\debug\stb_image.obj
c:\users\chentp\source\repos\openglgame\openglgame\debug\main.obj
c:\users\chentp\source\repos\openglgame\openglgame\debug\texture.obj
c:\users\chentp\source\repos\openglgame\openglgame\debug\sprite_renderer.obj
c:\users\chentp\source\repos\openglgame\openglgame\debug\shader.obj
c:\users\chentp\source\repos\openglgame\openglgame\debug\resource_manager.obj
c:\users\chentp\source\repos\openglgame\openglgame\debug\model.obj
c:\users\chentp\source\repos\openglgame\openglgame\debug\imgui_widgets.obj
c:\users\chentp\source\repos\openglgame\openglgame\debug\imgui_impl_opengl3.obj
c:\users\chentp\source\repos\openglgame\openglgame\debug\imgui_impl_glfw.obj
c:\users\chentp\source\repos\openglgame\openglgame\debug\imgui_draw.obj
c:\users\chentp\source\repos\openglgame\openglgame\debug\imgui_demo.obj
c:\users\chentp\source\repos\openglgame\openglgame\debug\imgui.obj
c:\users\chentp\source\repos\openglgame\openglgame\debug\snakegame.obj
c:\users\chentp\source\repos\openglgame\openglgame\debug\snakeobject.obj
c:\users\chentp\source\repos\openglgame\openglgame\debug\gameobject.obj
c:\users\chentp\source\repos\openglgame\debug\openglgame.ilk
c:\users\chentp\source\repos\openglgame\debug\openglgame.exe
c:\users\chentp\source\repos\openglgame\debug\openglgame.pdb
c:\users\chentp\source\repos\openglgame\openglgame\debug\openglgame.tlog\cl.command.1.tlog
c:\users\chentp\source\repos\openglgame\openglgame\debug\openglgame.tlog\cl.read.1.tlog
c:\users\chentp\source\repos\openglgame\openglgame\debug\openglgame.tlog\cl.write.1.tlog
c:\users\chentp\source\repos\openglgame\openglgame\debug\openglgame.tlog\link.command.1.tlog
c:\users\chentp\source\repos\openglgame\openglgame\debug\openglgame.tlog\link.read.1.tlog
c:\users\chentp\source\repos\openglgame\openglgame\debug\openglgame.tlog\link.write.1.tlog
